<html>
<head>
<title>TestNG:  Surefire test</title>
<link href="../testng.css" rel="stylesheet" type="text/css" />
<link href="../my-testng.css" rel="stylesheet" type="text/css" />

<style type="text/css">
.log { display: none;} 
.stack-trace { display: none;} 
</style>
<script type="text/javascript">
<!--
function flip(e) {
  current = e.style.display;
  if (current == 'block') {
    e.style.display = 'none';
    return 0;
  }
  else {
    e.style.display = 'block';
    return 1;
  }
}

function toggleBox(szDivId, elem, msg1, msg2)
{
  var res = -1;  if (document.getElementById) {
    res = flip(document.getElementById(szDivId));
  }
  else if (document.all) {
    // this is the way old msie versions work
    res = flip(document.all[szDivId]);
  }
  if(elem) {
    if(res == 0) elem.innerHTML = msg1; else elem.innerHTML = msg2;
  }

}

function toggleAllBoxes() {
  if (document.getElementsByTagName) {
    d = document.getElementsByTagName('div');
    for (i = 0; i < d.length; i++) {
      if (d[i].className == 'log') {
        flip(d[i]);
      }
    }
  }
}

// -->
</script>

</head>
<body>
<h2 align='center'>Surefire test</h2><table border='1' align="center">
<tr>
<td>Tests passed/Failed/Skipped:</td><td>5/4/0</td>
</tr><tr>
<td>Started on:</td><td>Sun Oct 23 17:25:21 IST 2022</td>
</tr>
<tr><td>Total time:</td><td>154 seconds (154754 ms)</td>
</tr><tr>
<td>Included groups:</td><td></td>
</tr><tr>
<td>Excluded groups:</td><td></td>
</tr>
</table><p/>
<small><i>(Hover the method name to see the test class name)</i></small><p/>
<table width='100%' border='1' class='invocation-failed'>
<tr><td colspan='4' align='center'><b>FAILED TESTS</b></td></tr>
<tr><td><b>Test method</b></td>
<td><b>Attribute(s)</b></td>
<td width="30%"><b>Exception</b></td>
<td width="10%"><b>Time (seconds)</b></td>
<td><b>Instance</b></td>
</tr>
<tr>
<td title='testrunners.TestRunner.runScenario()'><b>runScenario</b><br>Test class: testrunners.TestRunner<br>Test method: Runs Cucumber Scenarios<br>Parameters: "verify user can checkout the subscribed package", "Checkout the Subscription Package"</td>
<td><div><pre>java.lang.AssertionError: expected [true] but found [false]
	at com.pages.CheckOut.addOnPageFieldsVerification(CheckOut.java:112)
	at stepDefinition.SubscriptionSteps.user_includes_the_add_ons(SubscriptionSteps.java:38)
	at ✽.user includes the add ons &quot;false&quot; &quot;false&quot;(file:///Users/rahul/Documents/ideaProjects/StvProject_Cucumber/src/test/resources/features/Subscription.feature:13)
... Removed 4 stack frames</pre></div><a href='#' onClick='toggleBox("stack-trace1420797062", this, "Click to show all stack frames", "Click to hide stack frames")'>Click to show all stack frames</a>
<div class='stack-trace' id='stack-trace1420797062'><pre>java.lang.AssertionError: expected [true] but found [false]
	at org.testng.Assert.fail(Assert.java:110)
	at org.testng.Assert.failNotEquals(Assert.java:1413)
	at org.testng.Assert.assertTrue(Assert.java:56)
	at org.testng.Assert.assertTrue(Assert.java:66)
	at com.pages.CheckOut.addOnPageFieldsVerification(CheckOut.java:112)
	at stepDefinition.SubscriptionSteps.user_includes_the_add_ons(SubscriptionSteps.java:38)
	at ✽.user includes the add ons &quot;false&quot; &quot;false&quot;(file:///Users/rahul/Documents/ideaProjects/StvProject_Cucumber/src/test/resources/features/Subscription.feature:13)
</pre></div></td>
<td>9</td>
<td>testrunners.TestRunner@12b0404f</td></tr>
<tr>
<td title='testrunners.TestRunner.runScenario()'><b>runScenario</b><br>Test class: testrunners.TestRunner<br>Test method: Runs Cucumber Scenarios<br>Parameters: "verify user can checkout the subscribed package", "Checkout the Subscription Package"</td>
<td><div><pre>java.lang.AssertionError: expected [25.00SAR/Month] but found [from25.00SAR/Month]
	at com.pages.StvSubscription.trialPlanSelection(StvSubscription.java:99)
	at stepDefinition.SubscriptionSteps.choose_and_verify_trial_plan_type(SubscriptionSteps.java:29)
	at ✽.choose and verify trial plan type &quot;Classic&quot;(file:///Users/rahul/Documents/ideaProjects/StvProject_Cucumber/src/test/resources/features/Subscription.feature:11)
... Removed 6 stack frames</pre></div><a href='#' onClick='toggleBox("stack-trace1265239136", this, "Click to show all stack frames", "Click to hide stack frames")'>Click to show all stack frames</a>
<div class='stack-trace' id='stack-trace1265239136'><pre>java.lang.AssertionError: expected [25.00SAR/Month] but found [from25.00SAR/Month]
	at org.testng.Assert.fail(Assert.java:110)
	at org.testng.Assert.failNotEquals(Assert.java:1413)
	at org.testng.Assert.assertEqualsImpl(Assert.java:149)
	at org.testng.Assert.assertEquals(Assert.java:131)
	at org.testng.Assert.assertEquals(Assert.java:655)
	at org.testng.Assert.assertEquals(Assert.java:665)
	at com.pages.StvSubscription.trialPlanSelection(StvSubscription.java:99)
	at stepDefinition.SubscriptionSteps.choose_and_verify_trial_plan_type(SubscriptionSteps.java:29)
	at ✽.choose and verify trial plan type &quot;Classic&quot;(file:///Users/rahul/Documents/ideaProjects/StvProject_Cucumber/src/test/resources/features/Subscription.feature:11)
</pre></div></td>
<td>10</td>
<td>testrunners.TestRunner@12b0404f</td></tr>
<tr>
<td title='testrunners.TestRunner.runScenario()'><b>runScenario</b><br>Test class: testrunners.TestRunner<br>Test method: Runs Cucumber Scenarios<br>Parameters: "verify user can checkout the subscribed package", "Checkout the Subscription Package"</td>
<td><div><pre>java.lang.AssertionError: expected [true] but found [false]
	at com.pages.CheckOut.addOnPageFieldsVerification(CheckOut.java:119)
	at stepDefinition.SubscriptionSteps.user_includes_the_add_ons(SubscriptionSteps.java:38)
	at ✽.user includes the add ons &quot;true&quot; &quot;false&quot;(file:///Users/rahul/Documents/ideaProjects/StvProject_Cucumber/src/test/resources/features/Subscription.feature:13)
... Removed 4 stack frames</pre></div><a href='#' onClick='toggleBox("stack-trace1629282592", this, "Click to show all stack frames", "Click to hide stack frames")'>Click to show all stack frames</a>
<div class='stack-trace' id='stack-trace1629282592'><pre>java.lang.AssertionError: expected [true] but found [false]
	at org.testng.Assert.fail(Assert.java:110)
	at org.testng.Assert.failNotEquals(Assert.java:1413)
	at org.testng.Assert.assertTrue(Assert.java:56)
	at org.testng.Assert.assertTrue(Assert.java:66)
	at com.pages.CheckOut.addOnPageFieldsVerification(CheckOut.java:119)
	at stepDefinition.SubscriptionSteps.user_includes_the_add_ons(SubscriptionSteps.java:38)
	at ✽.user includes the add ons &quot;true&quot; &quot;false&quot;(file:///Users/rahul/Documents/ideaProjects/StvProject_Cucumber/src/test/resources/features/Subscription.feature:13)
</pre></div></td>
<td>17</td>
<td>testrunners.TestRunner@12b0404f</td></tr>
<tr>
<td title='testrunners.TestRunner.runScenario()'><b>runScenario</b><br>Test class: testrunners.TestRunner<br>Test method: Runs Cucumber Scenarios<br>Parameters: "verify user can checkout the subscribed package", "Checkout the Subscription Package"</td>
<td><div><pre>java.lang.AssertionError: expected [15.00SAR/Month] but found [from15.00SAR/Month]
	at com.pages.StvSubscription.trialPlanSelection(StvSubscription.java:93)
	at stepDefinition.SubscriptionSteps.choose_and_verify_trial_plan_type(SubscriptionSteps.java:29)
	at ✽.choose and verify trial plan type &quot;Lite&quot;(file:///Users/rahul/Documents/ideaProjects/StvProject_Cucumber/src/test/resources/features/Subscription.feature:11)
... Removed 6 stack frames</pre></div><a href='#' onClick='toggleBox("stack-trace1682460903", this, "Click to show all stack frames", "Click to hide stack frames")'>Click to show all stack frames</a>
<div class='stack-trace' id='stack-trace1682460903'><pre>java.lang.AssertionError: expected [15.00SAR/Month] but found [from15.00SAR/Month]
	at org.testng.Assert.fail(Assert.java:110)
	at org.testng.Assert.failNotEquals(Assert.java:1413)
	at org.testng.Assert.assertEqualsImpl(Assert.java:149)
	at org.testng.Assert.assertEquals(Assert.java:131)
	at org.testng.Assert.assertEquals(Assert.java:655)
	at org.testng.Assert.assertEquals(Assert.java:665)
	at com.pages.StvSubscription.trialPlanSelection(StvSubscription.java:93)
	at stepDefinition.SubscriptionSteps.choose_and_verify_trial_plan_type(SubscriptionSteps.java:29)
	at ✽.choose and verify trial plan type &quot;Lite&quot;(file:///Users/rahul/Documents/ideaProjects/StvProject_Cucumber/src/test/resources/features/Subscription.feature:11)
</pre></div></td>
<td>10</td>
<td>testrunners.TestRunner@12b0404f</td></tr>
</table><p>
<table width='100%' border='1' class='invocation-passed'>
<tr><td colspan='4' align='center'><b>PASSED TESTS</b></td></tr>
<tr><td><b>Test method</b></td>
<td><b>Attribute(s)</b></td>
<td width="30%"><b>Exception</b></td>
<td width="10%"><b>Time (seconds)</b></td>
<td><b>Instance</b></td>
</tr>
<tr>
<td title='testrunners.TestRunner.runScenario()'><b>runScenario</b><br>Test class: testrunners.TestRunner<br>Test method: Runs Cucumber Scenarios<br>Parameters: "verify user can checkout the subscribed package", "Checkout the Subscription Package"</td>
<td></td>
<td>20</td>
<td>testrunners.TestRunner@12b0404f</td></tr>
<tr>
<td title='testrunners.TestRunner.runScenario()'><b>runScenario</b><br>Test class: testrunners.TestRunner<br>Test method: Runs Cucumber Scenarios<br>Parameters: "verify user can checkout the subscribed package", "Checkout the Subscription Package"</td>
<td></td>
<td>15</td>
<td>testrunners.TestRunner@12b0404f</td></tr>
<tr>
<td title='testrunners.TestRunner.runScenario()'><b>runScenario</b><br>Test class: testrunners.TestRunner<br>Test method: Runs Cucumber Scenarios<br>Parameters: "verify user can checkout the subscribed package", "Checkout the Subscription Package"</td>
<td></td>
<td>14</td>
<td>testrunners.TestRunner@12b0404f</td></tr>
<tr>
<td title='testrunners.TestRunner.runScenario()'><b>runScenario</b><br>Test class: testrunners.TestRunner<br>Test method: Runs Cucumber Scenarios<br>Parameters: "verify user can checkout the subscribed package", "Checkout the Subscription Package"</td>
<td></td>
<td>14</td>
<td>testrunners.TestRunner@12b0404f</td></tr>
<tr>
<td title='testrunners.TestRunner.runScenario()'><b>runScenario</b><br>Test class: testrunners.TestRunner<br>Test method: Runs Cucumber Scenarios<br>Parameters: "verify user can checkout the subscribed package", "Checkout the Subscription Package"</td>
<td></td>
<td>15</td>
<td>testrunners.TestRunner@12b0404f</td></tr>
</table><p>
</body>
</html>