<?xml version="1.0" encoding="UTF-8"?>
<testng-results ignored="0" total="9" passed="0" failed="9" skipped="0">
  <reporter-output>
  </reporter-output>
  <suite started-at="2022-10-24T12:49:27 IST" name="Surefire suite" finished-at="2022-10-24T12:51:28 IST" duration-ms="121529">
    <groups>
      <group name="cucumber">
        <method signature="AbstractTestNGCucumberTests.runScenario(io.cucumber.testng.PickleWrapper,io.cucumber.testng.FeatureWrapper)[pri:0, instance:testrunners.TestRunner@12b0404f]" name="runScenario" class="io.cucumber.testng.AbstractTestNGCucumberTests"/>
      </group> <!-- cucumber -->
    </groups>
    <test started-at="2022-10-24T12:49:27 IST" name="Surefire test" finished-at="2022-10-24T12:51:28 IST" duration-ms="121529">
      <class name="testrunners.TestRunner">
        <test-method is-config="true" signature="setUpClass(org.testng.ITestContext)[pri:0, instance:testrunners.TestRunner@12b0404f]" started-at="2022-10-24T12:49:27 IST" name="setUpClass" finished-at="2022-10-24T12:49:28 IST" duration-ms="785" status="PASS">
          <params>
            <param index="0">
              <value>
                <![CDATA[org.testng.TestRunner@223d2c72]]>
              </value>
            </param>
          </params>
          <reporter-output>
          </reporter-output>
        </test-method> <!-- setUpClass -->
        <test-method signature="runScenario(io.cucumber.testng.PickleWrapper,io.cucumber.testng.FeatureWrapper)[pri:0, instance:testrunners.TestRunner@12b0404f]" started-at="2022-10-24T12:49:28 IST" name="runScenario" description="Runs Cucumber Scenarios" data-provider="scenarios" finished-at="2022-10-24T12:49:47 IST" duration-ms="19059" status="FAIL">
          <params>
            <param index="0">
              <value>
                <![CDATA["verify user can checkout the subscribed package"]]>
              </value>
            </param>
            <param index="1">
              <value>
                <![CDATA["Checkout the Subscription Package"]]>
              </value>
            </param>
          </params>
          <exception class="java.lang.AssertionError">
            <message>
              <![CDATA[expected [true] but found [false]]]>
            </message>
            <full-stacktrace>
              <![CDATA[java.lang.AssertionError: expected [true] but found [false]
at org.testng.Assert.fail(Assert.java:110)
at org.testng.Assert.failNotEquals(Assert.java:1413)
at org.testng.Assert.assertTrue(Assert.java:56)
at org.testng.Assert.assertTrue(Assert.java:66)
at com.pages.CheckOut.footerDetailsValidations(CheckOut.java:146)
at com.pages.CheckOut.orderDetailsVerification(CheckOut.java:102)
at stepDefinition.SubscriptionSteps.verify_checkout_details_are_correct(SubscriptionSteps.java:43)
at ✽.verify checkout details are correct(file:///Users/rahul/Documents/ideaProjects/StvProject_Cucumber/src/test/resources/features/Subscription.feature:14)
]]>
            </full-stacktrace>
          </exception> <!-- java.lang.AssertionError -->
          <reporter-output>
          </reporter-output>
        </test-method> <!-- runScenario -->
        <test-method signature="runScenario(io.cucumber.testng.PickleWrapper,io.cucumber.testng.FeatureWrapper)[pri:0, instance:testrunners.TestRunner@12b0404f]" started-at="2022-10-24T12:49:47 IST" name="runScenario" description="Runs Cucumber Scenarios" data-provider="scenarios" finished-at="2022-10-24T12:50:00 IST" duration-ms="13712" status="FAIL">
          <params>
            <param index="0">
              <value>
                <![CDATA["verify user can checkout the subscribed package"]]>
              </value>
            </param>
            <param index="1">
              <value>
                <![CDATA["Checkout the Subscription Package"]]>
              </value>
            </param>
          </params>
          <exception class="java.lang.AssertionError">
            <message>
              <![CDATA[expected [true] but found [false]]]>
            </message>
            <full-stacktrace>
              <![CDATA[java.lang.AssertionError: expected [true] but found [false]
at org.testng.Assert.fail(Assert.java:110)
at org.testng.Assert.failNotEquals(Assert.java:1413)
at org.testng.Assert.assertTrue(Assert.java:56)
at org.testng.Assert.assertTrue(Assert.java:66)
at com.pages.CheckOut.footerDetailsValidations(CheckOut.java:146)
at com.pages.CheckOut.orderDetailsVerification(CheckOut.java:102)
at stepDefinition.SubscriptionSteps.verify_checkout_details_are_correct(SubscriptionSteps.java:43)
at ✽.verify checkout details are correct(file:///Users/rahul/Documents/ideaProjects/StvProject_Cucumber/src/test/resources/features/Subscription.feature:14)
]]>
            </full-stacktrace>
          </exception> <!-- java.lang.AssertionError -->
          <reporter-output>
          </reporter-output>
        </test-method> <!-- runScenario -->
        <test-method signature="runScenario(io.cucumber.testng.PickleWrapper,io.cucumber.testng.FeatureWrapper)[pri:0, instance:testrunners.TestRunner@12b0404f]" started-at="2022-10-24T12:50:00 IST" name="runScenario" description="Runs Cucumber Scenarios" data-provider="scenarios" finished-at="2022-10-24T12:50:13 IST" duration-ms="12961" status="FAIL">
          <params>
            <param index="0">
              <value>
                <![CDATA["verify user can checkout the subscribed package"]]>
              </value>
            </param>
            <param index="1">
              <value>
                <![CDATA["Checkout the Subscription Package"]]>
              </value>
            </param>
          </params>
          <exception class="java.lang.AssertionError">
            <message>
              <![CDATA[expected [true] but found [false]]]>
            </message>
            <full-stacktrace>
              <![CDATA[java.lang.AssertionError: expected [true] but found [false]
at org.testng.Assert.fail(Assert.java:110)
at org.testng.Assert.failNotEquals(Assert.java:1413)
at org.testng.Assert.assertTrue(Assert.java:56)
at org.testng.Assert.assertTrue(Assert.java:66)
at com.pages.CheckOut.footerDetailsValidations(CheckOut.java:146)
at com.pages.CheckOut.orderDetailsVerification(CheckOut.java:102)
at stepDefinition.SubscriptionSteps.verify_checkout_details_are_correct(SubscriptionSteps.java:43)
at ✽.verify checkout details are correct(file:///Users/rahul/Documents/ideaProjects/StvProject_Cucumber/src/test/resources/features/Subscription.feature:14)
]]>
            </full-stacktrace>
          </exception> <!-- java.lang.AssertionError -->
          <reporter-output>
          </reporter-output>
        </test-method> <!-- runScenario -->
        <test-method signature="runScenario(io.cucumber.testng.PickleWrapper,io.cucumber.testng.FeatureWrapper)[pri:0, instance:testrunners.TestRunner@12b0404f]" started-at="2022-10-24T12:50:13 IST" name="runScenario" description="Runs Cucumber Scenarios" data-provider="scenarios" finished-at="2022-10-24T12:50:21 IST" duration-ms="7830" status="FAIL">
          <params>
            <param index="0">
              <value>
                <![CDATA["verify user can checkout the subscribed package"]]>
              </value>
            </param>
            <param index="1">
              <value>
                <![CDATA["Checkout the Subscription Package"]]>
              </value>
            </param>
          </params>
          <exception class="java.lang.AssertionError">
            <message>
              <![CDATA[expected [15.00SAR/Month] but found [from15.00SAR/Month]]]>
            </message>
            <full-stacktrace>
              <![CDATA[java.lang.AssertionError: expected [15.00SAR/Month] but found [from15.00SAR/Month]
at org.testng.Assert.fail(Assert.java:110)
at org.testng.Assert.failNotEquals(Assert.java:1413)
at org.testng.Assert.assertEqualsImpl(Assert.java:149)
at org.testng.Assert.assertEquals(Assert.java:131)
at org.testng.Assert.assertEquals(Assert.java:655)
at org.testng.Assert.assertEquals(Assert.java:665)
at com.pages.StvSubscription.trialPlanSelection(StvSubscription.java:93)
at stepDefinition.SubscriptionSteps.choose_and_verify_trial_plan_type(SubscriptionSteps.java:29)
at ✽.choose and verify trial plan type "Lite"(file:///Users/rahul/Documents/ideaProjects/StvProject_Cucumber/src/test/resources/features/Subscription.feature:11)
]]>
            </full-stacktrace>
          </exception> <!-- java.lang.AssertionError -->
          <reporter-output>
          </reporter-output>
        </test-method> <!-- runScenario -->
        <test-method signature="runScenario(io.cucumber.testng.PickleWrapper,io.cucumber.testng.FeatureWrapper)[pri:0, instance:testrunners.TestRunner@12b0404f]" started-at="2022-10-24T12:50:21 IST" name="runScenario" description="Runs Cucumber Scenarios" data-provider="scenarios" finished-at="2022-10-24T12:50:29 IST" duration-ms="7882" status="FAIL">
          <params>
            <param index="0">
              <value>
                <![CDATA["verify user can checkout the subscribed package"]]>
              </value>
            </param>
            <param index="1">
              <value>
                <![CDATA["Checkout the Subscription Package"]]>
              </value>
            </param>
          </params>
          <exception class="java.lang.AssertionError">
            <message>
              <![CDATA[expected [25.00SAR/Month] but found [from25.00SAR/Month]]]>
            </message>
            <full-stacktrace>
              <![CDATA[java.lang.AssertionError: expected [25.00SAR/Month] but found [from25.00SAR/Month]
at org.testng.Assert.fail(Assert.java:110)
at org.testng.Assert.failNotEquals(Assert.java:1413)
at org.testng.Assert.assertEqualsImpl(Assert.java:149)
at org.testng.Assert.assertEquals(Assert.java:131)
at org.testng.Assert.assertEquals(Assert.java:655)
at org.testng.Assert.assertEquals(Assert.java:665)
at com.pages.StvSubscription.trialPlanSelection(StvSubscription.java:99)
at stepDefinition.SubscriptionSteps.choose_and_verify_trial_plan_type(SubscriptionSteps.java:29)
at ✽.choose and verify trial plan type "Classic"(file:///Users/rahul/Documents/ideaProjects/StvProject_Cucumber/src/test/resources/features/Subscription.feature:11)
]]>
            </full-stacktrace>
          </exception> <!-- java.lang.AssertionError -->
          <reporter-output>
          </reporter-output>
        </test-method> <!-- runScenario -->
        <test-method signature="runScenario(io.cucumber.testng.PickleWrapper,io.cucumber.testng.FeatureWrapper)[pri:0, instance:testrunners.TestRunner@12b0404f]" started-at="2022-10-24T12:50:29 IST" name="runScenario" description="Runs Cucumber Scenarios" data-provider="scenarios" finished-at="2022-10-24T12:50:38 IST" duration-ms="9120" status="FAIL">
          <params>
            <param index="0">
              <value>
                <![CDATA["verify user can checkout the subscribed package"]]>
              </value>
            </param>
            <param index="1">
              <value>
                <![CDATA["Checkout the Subscription Package"]]>
              </value>
            </param>
          </params>
          <exception class="java.lang.AssertionError">
            <message>
              <![CDATA[expected [true] but found [false]]]>
            </message>
            <full-stacktrace>
              <![CDATA[java.lang.AssertionError: expected [true] but found [false]
at org.testng.Assert.fail(Assert.java:110)
at org.testng.Assert.failNotEquals(Assert.java:1413)
at org.testng.Assert.assertTrue(Assert.java:56)
at org.testng.Assert.assertTrue(Assert.java:66)
at com.pages.CheckOut.addOnPageFieldsVerification(CheckOut.java:112)
at stepDefinition.SubscriptionSteps.user_includes_the_add_ons(SubscriptionSteps.java:38)
at ✽.user includes the add ons "false" "false"(file:///Users/rahul/Documents/ideaProjects/StvProject_Cucumber/src/test/resources/features/Subscription.feature:13)
]]>
            </full-stacktrace>
          </exception> <!-- java.lang.AssertionError -->
          <reporter-output>
          </reporter-output>
        </test-method> <!-- runScenario -->
        <test-method signature="runScenario(io.cucumber.testng.PickleWrapper,io.cucumber.testng.FeatureWrapper)[pri:0, instance:testrunners.TestRunner@12b0404f]" started-at="2022-10-24T12:50:38 IST" name="runScenario" description="Runs Cucumber Scenarios" data-provider="scenarios" finished-at="2022-10-24T12:50:52 IST" duration-ms="13847" status="FAIL">
          <params>
            <param index="0">
              <value>
                <![CDATA["verify user can checkout the subscribed package"]]>
              </value>
            </param>
            <param index="1">
              <value>
                <![CDATA["Checkout the Subscription Package"]]>
              </value>
            </param>
          </params>
          <exception class="java.lang.AssertionError">
            <message>
              <![CDATA[expected [true] but found [false]]]>
            </message>
            <full-stacktrace>
              <![CDATA[java.lang.AssertionError: expected [true] but found [false]
at org.testng.Assert.fail(Assert.java:110)
at org.testng.Assert.failNotEquals(Assert.java:1413)
at org.testng.Assert.assertTrue(Assert.java:56)
at org.testng.Assert.assertTrue(Assert.java:66)
at com.pages.CheckOut.footerDetailsValidations(CheckOut.java:146)
at com.pages.CheckOut.orderDetailsVerification(CheckOut.java:102)
at stepDefinition.SubscriptionSteps.verify_checkout_details_are_correct(SubscriptionSteps.java:43)
at ✽.verify checkout details are correct(file:///Users/rahul/Documents/ideaProjects/StvProject_Cucumber/src/test/resources/features/Subscription.feature:14)
]]>
            </full-stacktrace>
          </exception> <!-- java.lang.AssertionError -->
          <reporter-output>
          </reporter-output>
        </test-method> <!-- runScenario -->
        <test-method signature="runScenario(io.cucumber.testng.PickleWrapper,io.cucumber.testng.FeatureWrapper)[pri:0, instance:testrunners.TestRunner@12b0404f]" started-at="2022-10-24T12:50:52 IST" name="runScenario" description="Runs Cucumber Scenarios" data-provider="scenarios" finished-at="2022-10-24T12:51:01 IST" duration-ms="8675" status="FAIL">
          <params>
            <param index="0">
              <value>
                <![CDATA["verify user can checkout the subscribed package"]]>
              </value>
            </param>
            <param index="1">
              <value>
                <![CDATA["Checkout the Subscription Package"]]>
              </value>
            </param>
          </params>
          <exception class="java.lang.AssertionError">
            <message>
              <![CDATA[expected [true] but found [false]]]>
            </message>
            <full-stacktrace>
              <![CDATA[java.lang.AssertionError: expected [true] but found [false]
at org.testng.Assert.fail(Assert.java:110)
at org.testng.Assert.failNotEquals(Assert.java:1413)
at org.testng.Assert.assertTrue(Assert.java:56)
at org.testng.Assert.assertTrue(Assert.java:66)
at com.pages.CheckOut.addOnPageFieldsVerification(CheckOut.java:119)
at stepDefinition.SubscriptionSteps.user_includes_the_add_ons(SubscriptionSteps.java:38)
at ✽.user includes the add ons "false" "true"(file:///Users/rahul/Documents/ideaProjects/StvProject_Cucumber/src/test/resources/features/Subscription.feature:13)
]]>
            </full-stacktrace>
          </exception> <!-- java.lang.AssertionError -->
          <reporter-output>
          </reporter-output>
        </test-method> <!-- runScenario -->
        <test-method signature="runScenario(io.cucumber.testng.PickleWrapper,io.cucumber.testng.FeatureWrapper)[pri:0, instance:testrunners.TestRunner@12b0404f]" started-at="2022-10-24T12:51:01 IST" name="runScenario" description="Runs Cucumber Scenarios" data-provider="scenarios" finished-at="2022-10-24T12:51:13 IST" duration-ms="12673" status="FAIL">
          <params>
            <param index="0">
              <value>
                <![CDATA["verify user can checkout the subscribed package"]]>
              </value>
            </param>
            <param index="1">
              <value>
                <![CDATA["Checkout the Subscription Package"]]>
              </value>
            </param>
          </params>
          <exception class="java.lang.AssertionError">
            <message>
              <![CDATA[expected [true] but found [false]]]>
            </message>
            <full-stacktrace>
              <![CDATA[java.lang.AssertionError: expected [true] but found [false]
at org.testng.Assert.fail(Assert.java:110)
at org.testng.Assert.failNotEquals(Assert.java:1413)
at org.testng.Assert.assertTrue(Assert.java:56)
at org.testng.Assert.assertTrue(Assert.java:66)
at com.pages.CheckOut.footerDetailsValidations(CheckOut.java:146)
at com.pages.CheckOut.orderDetailsVerification(CheckOut.java:102)
at stepDefinition.SubscriptionSteps.verify_checkout_details_are_correct(SubscriptionSteps.java:43)
at ✽.verify checkout details are correct(file:///Users/rahul/Documents/ideaProjects/StvProject_Cucumber/src/test/resources/features/Subscription.feature:14)
]]>
            </full-stacktrace>
          </exception> <!-- java.lang.AssertionError -->
          <reporter-output>
          </reporter-output>
        </test-method> <!-- runScenario -->
        <test-method is-config="true" signature="tearDownClass()[pri:0, instance:testrunners.TestRunner@12b0404f]" started-at="2022-10-24T12:51:13 IST" name="tearDownClass" finished-at="2022-10-24T12:51:28 IST" duration-ms="14926" status="PASS">
          <reporter-output>
          </reporter-output>
        </test-method> <!-- tearDownClass -->
      </class> <!-- testrunners.TestRunner -->
    </test> <!-- Surefire test -->
  </suite> <!-- Surefire suite -->
</testng-results>
