<?xml version="1.0" encoding="UTF-8"?>
<!-- Generated by org.testng.reporters.JUnitReportReporter -->
<testsuite hostname="RahulMahajan.local" failures="9" tests="9" name="testrunners.TestRunner" time="105.759" errors="0" timestamp="2022-10-24T12:51:29 IST" skipped="0">
  <testcase classname="testrunners.TestRunner" name="runScenario" time="12.673">
    <failure message="expected [true] but found [false]" type="java.lang.AssertionError">
      <![CDATA[java.lang.AssertionError: expected [true] but found [false]
at org.testng.Assert.fail(Assert.java:110)
at org.testng.Assert.failNotEquals(Assert.java:1413)
at org.testng.Assert.assertTrue(Assert.java:56)
at org.testng.Assert.assertTrue(Assert.java:66)
at com.pages.CheckOut.footerDetailsValidations(CheckOut.java:146)
at com.pages.CheckOut.orderDetailsVerification(CheckOut.java:102)
at stepDefinition.SubscriptionSteps.verify_checkout_details_are_correct(SubscriptionSteps.java:43)
at ✽.verify checkout details are correct(file:///Users/rahul/Documents/ideaProjects/StvProject_Cucumber/src/test/resources/features/Subscription.feature:14)
]]>
    </failure>
  </testcase> <!-- runScenario -->
  <system-out/>
  <testcase classname="testrunners.TestRunner" name="runScenario" time="19.059">
    <failure message="expected [true] but found [false]" type="java.lang.AssertionError">
      <![CDATA[java.lang.AssertionError: expected [true] but found [false]
at org.testng.Assert.fail(Assert.java:110)
at org.testng.Assert.failNotEquals(Assert.java:1413)
at org.testng.Assert.assertTrue(Assert.java:56)
at org.testng.Assert.assertTrue(Assert.java:66)
at com.pages.CheckOut.footerDetailsValidations(CheckOut.java:146)
at com.pages.CheckOut.orderDetailsVerification(CheckOut.java:102)
at stepDefinition.SubscriptionSteps.verify_checkout_details_are_correct(SubscriptionSteps.java:43)
at ✽.verify checkout details are correct(file:///Users/rahul/Documents/ideaProjects/StvProject_Cucumber/src/test/resources/features/Subscription.feature:14)
]]>
    </failure>
  </testcase> <!-- runScenario -->
  <system-out/>
  <testcase classname="testrunners.TestRunner" name="runScenario" time="13.847">
    <failure message="expected [true] but found [false]" type="java.lang.AssertionError">
      <![CDATA[java.lang.AssertionError: expected [true] but found [false]
at org.testng.Assert.fail(Assert.java:110)
at org.testng.Assert.failNotEquals(Assert.java:1413)
at org.testng.Assert.assertTrue(Assert.java:56)
at org.testng.Assert.assertTrue(Assert.java:66)
at com.pages.CheckOut.footerDetailsValidations(CheckOut.java:146)
at com.pages.CheckOut.orderDetailsVerification(CheckOut.java:102)
at stepDefinition.SubscriptionSteps.verify_checkout_details_are_correct(SubscriptionSteps.java:43)
at ✽.verify checkout details are correct(file:///Users/rahul/Documents/ideaProjects/StvProject_Cucumber/src/test/resources/features/Subscription.feature:14)
]]>
    </failure>
  </testcase> <!-- runScenario -->
  <system-out/>
  <testcase classname="testrunners.TestRunner" name="runScenario" time="12.961">
    <failure message="expected [true] but found [false]" type="java.lang.AssertionError">
      <![CDATA[java.lang.AssertionError: expected [true] but found [false]
at org.testng.Assert.fail(Assert.java:110)
at org.testng.Assert.failNotEquals(Assert.java:1413)
at org.testng.Assert.assertTrue(Assert.java:56)
at org.testng.Assert.assertTrue(Assert.java:66)
at com.pages.CheckOut.footerDetailsValidations(CheckOut.java:146)
at com.pages.CheckOut.orderDetailsVerification(CheckOut.java:102)
at stepDefinition.SubscriptionSteps.verify_checkout_details_are_correct(SubscriptionSteps.java:43)
at ✽.verify checkout details are correct(file:///Users/rahul/Documents/ideaProjects/StvProject_Cucumber/src/test/resources/features/Subscription.feature:14)
]]>
    </failure>
  </testcase> <!-- runScenario -->
  <system-out/>
  <testcase classname="testrunners.TestRunner" name="runScenario" time="13.712">
    <failure message="expected [true] but found [false]" type="java.lang.AssertionError">
      <![CDATA[java.lang.AssertionError: expected [true] but found [false]
at org.testng.Assert.fail(Assert.java:110)
at org.testng.Assert.failNotEquals(Assert.java:1413)
at org.testng.Assert.assertTrue(Assert.java:56)
at org.testng.Assert.assertTrue(Assert.java:66)
at com.pages.CheckOut.footerDetailsValidations(CheckOut.java:146)
at com.pages.CheckOut.orderDetailsVerification(CheckOut.java:102)
at stepDefinition.SubscriptionSteps.verify_checkout_details_are_correct(SubscriptionSteps.java:43)
at ✽.verify checkout details are correct(file:///Users/rahul/Documents/ideaProjects/StvProject_Cucumber/src/test/resources/features/Subscription.feature:14)
]]>
    </failure>
  </testcase> <!-- runScenario -->
  <system-out/>
  <testcase classname="testrunners.TestRunner" name="runScenario" time="8.675">
    <failure message="expected [true] but found [false]" type="java.lang.AssertionError">
      <![CDATA[java.lang.AssertionError: expected [true] but found [false]
at org.testng.Assert.fail(Assert.java:110)
at org.testng.Assert.failNotEquals(Assert.java:1413)
at org.testng.Assert.assertTrue(Assert.java:56)
at org.testng.Assert.assertTrue(Assert.java:66)
at com.pages.CheckOut.addOnPageFieldsVerification(CheckOut.java:119)
at stepDefinition.SubscriptionSteps.user_includes_the_add_ons(SubscriptionSteps.java:38)
at ✽.user includes the add ons "false" "true"(file:///Users/rahul/Documents/ideaProjects/StvProject_Cucumber/src/test/resources/features/Subscription.feature:13)
]]>
    </failure>
  </testcase> <!-- runScenario -->
  <system-out/>
  <testcase classname="testrunners.TestRunner" name="runScenario" time="7.882">
    <failure message="expected [25.00SAR/Month] but found [from25.00SAR/Month]" type="java.lang.AssertionError">
      <![CDATA[java.lang.AssertionError: expected [25.00SAR/Month] but found [from25.00SAR/Month]
at org.testng.Assert.fail(Assert.java:110)
at org.testng.Assert.failNotEquals(Assert.java:1413)
at org.testng.Assert.assertEqualsImpl(Assert.java:149)
at org.testng.Assert.assertEquals(Assert.java:131)
at org.testng.Assert.assertEquals(Assert.java:655)
at org.testng.Assert.assertEquals(Assert.java:665)
at com.pages.StvSubscription.trialPlanSelection(StvSubscription.java:99)
at stepDefinition.SubscriptionSteps.choose_and_verify_trial_plan_type(SubscriptionSteps.java:29)
at ✽.choose and verify trial plan type "Classic"(file:///Users/rahul/Documents/ideaProjects/StvProject_Cucumber/src/test/resources/features/Subscription.feature:11)
]]>
    </failure>
  </testcase> <!-- runScenario -->
  <system-out/>
  <testcase classname="testrunners.TestRunner" name="runScenario" time="9.120">
    <failure message="expected [true] but found [false]" type="java.lang.AssertionError">
      <![CDATA[java.lang.AssertionError: expected [true] but found [false]
at org.testng.Assert.fail(Assert.java:110)
at org.testng.Assert.failNotEquals(Assert.java:1413)
at org.testng.Assert.assertTrue(Assert.java:56)
at org.testng.Assert.assertTrue(Assert.java:66)
at com.pages.CheckOut.addOnPageFieldsVerification(CheckOut.java:112)
at stepDefinition.SubscriptionSteps.user_includes_the_add_ons(SubscriptionSteps.java:38)
at ✽.user includes the add ons "false" "false"(file:///Users/rahul/Documents/ideaProjects/StvProject_Cucumber/src/test/resources/features/Subscription.feature:13)
]]>
    </failure>
  </testcase> <!-- runScenario -->
  <system-out/>
  <testcase classname="testrunners.TestRunner" name="runScenario" time="7.830">
    <failure message="expected [15.00SAR/Month] but found [from15.00SAR/Month]" type="java.lang.AssertionError">
      <![CDATA[java.lang.AssertionError: expected [15.00SAR/Month] but found [from15.00SAR/Month]
at org.testng.Assert.fail(Assert.java:110)
at org.testng.Assert.failNotEquals(Assert.java:1413)
at org.testng.Assert.assertEqualsImpl(Assert.java:149)
at org.testng.Assert.assertEquals(Assert.java:131)
at org.testng.Assert.assertEquals(Assert.java:655)
at org.testng.Assert.assertEquals(Assert.java:665)
at com.pages.StvSubscription.trialPlanSelection(StvSubscription.java:93)
at stepDefinition.SubscriptionSteps.choose_and_verify_trial_plan_type(SubscriptionSteps.java:29)
at ✽.choose and verify trial plan type "Lite"(file:///Users/rahul/Documents/ideaProjects/StvProject_Cucumber/src/test/resources/features/Subscription.feature:11)
]]>
    </failure>
  </testcase> <!-- runScenario -->
  <system-out/>
</testsuite> <!-- testrunners.TestRunner -->
